<?xml version="1.0" encoding="UTF-8"?>
<testng-results ignored="0" total="1" passed="1" failed="0" skipped="0">
  <reporter-output>
  </reporter-output>
  <suite started-at="2024-11-19T12:37:34 IST" name="Default suite" finished-at="2024-11-19T12:37:42 IST" duration-ms="8049">
    <groups>
    </groups>
    <test started-at="2024-11-19T12:37:34 IST" name="Default test" finished-at="2024-11-19T12:37:42 IST" duration-ms="8049">
      <class name="ReportProject.Project_1">
        <test-method is-config="true" signature="Start()[pri:0, instance:ReportProject.Project_1@576d5deb]" started-at="2024-11-19T12:37:34 IST" name="Start" finished-at="2024-11-19T12:37:36 IST" duration-ms="1945" status="PASS">
          <reporter-output>
          </reporter-output>
        </test-method> <!-- Start -->
        <test-method signature="begin()[pri:0, instance:ReportProject.Project_1@576d5deb]" started-at="2024-11-19T12:37:36 IST" name="begin" finished-at="2024-11-19T12:37:42 IST" duration-ms="5534" status="PASS">
          <reporter-output>
          </reporter-output>
        </test-method> <!-- begin -->
        <test-method is-config="true" signature="end()[pri:0, instance:ReportProject.Project_1@576d5deb]" started-at="2024-11-19T12:37:42 IST" name="end" finished-at="2024-11-19T12:37:42 IST" duration-ms="525" status="PASS">
          <reporter-output>
          </reporter-output>
        </test-method> <!-- end -->
      </class> <!-- ReportProject.Project_1 -->
    </test> <!-- Default test -->
  </suite> <!-- Default suite -->
</testng-results>
